[colorlib.com/etc/cs/comingsoon_13/index.html]
[backblue.gif]
[fade.gif]
[index.html]
[colorlib.com/etc/cs/comingsoon_13/images/icons/favicon.ico]
[colorlib.com/etc/cs/comingsoon_13/vendor/bootstrap/css/bootstrap.min.css]
[colorlib.com/etc/cs/comingsoon_13/fonts/font-awesome-4.7.0/css/font-awesome.min.css]
[colorlib.com/etc/cs/comingsoon_13/fonts/iconic/css/material-design-iconic-font.min.css]
[colorlib.com/etc/cs/comingsoon_13/vendor/animate/animate.css]
[colorlib.com/etc/cs/comingsoon_13/vendor/select2/select2.min.css]
[colorlib.com/etc/cs/comingsoon_13/css/util.css]
[colorlib.com/etc/cs/comingsoon_13/css/main.css]
[colorlib.com/etc/cs/comingsoon_13/images/bg01.jpg]
[colorlib.com/etc/cs/comingsoon_13/images/bg02.jpg]
[colorlib.com/etc/cs/comingsoon_13/images/bg03.jpg]
[colorlib.com/etc/cs/comingsoon_13/images/bg04.jpg]
[colorlib.com/etc/cs/comingsoon_13/images/icons/logo.png]
[colorlib.com/etc/cs/comingsoon_13/vendor/jquery/jquery-3.2.1.min.js]
[colorlib.com/etc/cs/comingsoon_13/vendor/bootstrap/js/popper.js]
[colorlib.com/etc/cs/comingsoon_13/vendor/bootstrap/js/bootstrap.min.js]
[colorlib.com/etc/cs/comingsoon_13/vendor/select2/select2.min.js]
[colorlib.com/etc/cs/comingsoon_13/vendor/countdowntime/moment.min.js]
[colorlib.com/etc/cs/comingsoon_13/vendor/countdowntime/moment-timezone.min.js]
[colorlib.com/etc/cs/comingsoon_13/vendor/countdowntime/moment-timezone-with-data.min.js]
[colorlib.com/etc/cs/comingsoon_13/vendor/countdowntime/countdowntime.js]
[colorlib.com/etc/cs/comingsoon_13/vendor/tilt/tilt.jquery.min.js]
[colorlib.com/etc/cs/comingsoon_13/index.html]
[colorlib.com/etc/cs/comingsoon_13/vendor/bootstrap/css/bootstrap.min.css]
[colorlib.com/etc/cs/comingsoon_13/js/main.js]
[colorlib.com/etc/cs/comingsoon_13/fonts/font-awesome-4.7.0/fonts/fontawesome-webfont3e6e.eot]
[colorlib.com/etc/cs/comingsoon_13/fonts/font-awesome-4.7.0/fonts/fontawesome-webfontd41d.eot]
[colorlib.com/etc/cs/comingsoon_13/fonts/font-awesome-4.7.0/fonts/fontawesome-webfont3e6e.woff2]
[colorlib.com/etc/cs/comingsoon_13/fonts/font-awesome-4.7.0/fonts/fontawesome-webfont3e6e.woff]
[colorlib.com/etc/cs/comingsoon_13/fonts/font-awesome-4.7.0/fonts/fontawesome-webfont3e6e.ttf]
[colorlib.com/etc/cs/comingsoon_13/fonts/font-awesome-4.7.0/css/font-awesome.min.css]
[colorlib.com/etc/cs/comingsoon_13/fonts/font-awesome-4.7.0/fonts/fontawesome-webfont3e6e.svg]
[colorlib.com/etc/cs/comingsoon_13/fonts/iconic/fonts/Material-Design-Iconic-Fontd1f1.woff2]
[colorlib.com/etc/cs/comingsoon_13/fonts/iconic/fonts/Material-Design-Iconic-Fontd1f1.woff]
[colorlib.com/etc/cs/comingsoon_13/fonts/iconic/css/material-design-iconic-font.min.css]
[colorlib.com/etc/cs/comingsoon_13/vendor/animate/animate.css]
[colorlib.com/etc/cs/comingsoon_13/vendor/select2/select2.min.css]
[colorlib.com/etc/cs/comingsoon_13/css/util.css]
[colorlib.com/etc/cs/comingsoon_13/fonts/iconic/fonts/Material-Design-Iconic-Fontd1f1.ttf]
[colorlib.com/etc/cs/comingsoon_13/fonts/Montserrat/Montserrat-Regular.ttf]
[colorlib.com/etc/cs/comingsoon_13/fonts/Montserrat/Montserrat-SemiBold.ttf]
[colorlib.com/etc/cs/comingsoon_13/fonts/Playlist/Playlist Script.otf]
[colorlib.com/etc/cs/comingsoon_13/css/main.css]
[colorlib.com/cdn-cgi/zaraz/sd0d9.js]
[colorlib.com/etc/cs/comingsoon_13/fonts/font-awesome-4.7.0/fonts/fontawesome-webfont3e6e.svg]
